
> just-algos-and-ds@0.1.0 build /Users/masiu_cd/projects/data_structures_algorithms/apps/web
> next build

- warn You have enabled experimental feature (serverActions) in next.config.js.
- warn Experimental features are not covered by semver, and may cause unexpected or broken application behavior. Use at your own risk.

- info Creating an optimized production build...
Generated 2 documents in .contentlayer
<w> [webpack.cache.PackFileCacheStrategy/webpack.FileSystemInfo] Resolving '.pnpm/next-contentlayer@0.3.4_contentlayer@0.3.4_esbuild@0.19.2_next@13.4.19_react-dom@18.2.0_react@18.2.0/node_modules/next-contentlayer/dist/index-cjs.cjs' in /Users/masiu_cd/projects/data_structures_algorithms/apps/web for build dependencies doesn't lead to expected result '/Users/masiu_cd/projects/data_structures_algorithms/node_modules/.pnpm/next-contentlayer@0.3.4_contentlayer@0.3.4_esbuild@0.19.2_next@13.4.19_react-dom@18.2.0_react@18.2.0/node_modules/next-contentlayer/dist/index-cjs.cjs', but to '/Users/masiu_cd/projects/data_structures_algorithms/apps/web/node_modules/.pnpm/next-contentlayer@0.3.4_contentlayer@0.3.4_esbuild@0.19.2_next@13.4.19_react-dom@18.2.0_react@18.2.0/node_modules/next-contentlayer/dist/index-cjs.cjs' instead. Resolving dependencies are ignored for this path.
<w>  at unknown 4 .pnpm/next-contentlayer@0.3.4_contentlayer@0.3.4_esbuild@0.19.2_next@13.4.19_react-dom@18.2.0_react@18.2.0/node_modules/next-contentlayer/dist/index-cjs.cjs
<w>  at file dependencies /Users/masiu_cd/projects/data_structures_algorithms/apps/web/next.config.js
<w>  at file /Users/masiu_cd/projects/data_structures_algorithms/apps/web/next.config.js
<w>  at resolve commonjs /Users/masiu_cd/projects/data_structures_algorithms/apps/web/next.config.js
<w> [webpack.cache.PackFileCacheStrategy/webpack.FileSystemInfo] Resolving '.pnpm/next-contentlayer@0.3.4_contentlayer@0.3.4_esbuild@0.19.2_next@13.4.19_react-dom@18.2.0_react@18.2.0/node_modules/next-contentlayer/dist/index-cjs.cjs' in /Users/masiu_cd/projects/data_structures_algorithms/apps/web for build dependencies doesn't lead to expected result '/Users/masiu_cd/projects/data_structures_algorithms/node_modules/.pnpm/next-contentlayer@0.3.4_contentlayer@0.3.4_esbuild@0.19.2_next@13.4.19_react-dom@18.2.0_react@18.2.0/node_modules/next-contentlayer/dist/index-cjs.cjs', but to '/Users/masiu_cd/projects/data_structures_algorithms/apps/web/node_modules/.pnpm/next-contentlayer@0.3.4_contentlayer@0.3.4_esbuild@0.19.2_next@13.4.19_react-dom@18.2.0_react@18.2.0/node_modules/next-contentlayer/dist/index-cjs.cjs' instead. Resolving dependencies are ignored for this path.
<w>  at unknown 4 .pnpm/next-contentlayer@0.3.4_contentlayer@0.3.4_esbuild@0.19.2_next@13.4.19_react-dom@18.2.0_react@18.2.0/node_modules/next-contentlayer/dist/index-cjs.cjs
<w>  at file dependencies /Users/masiu_cd/projects/data_structures_algorithms/apps/web/next.config.js
<w>  at file /Users/masiu_cd/projects/data_structures_algorithms/apps/web/next.config.js
<w>  at resolve commonjs /Users/masiu_cd/projects/data_structures_algorithms/apps/web/next.config.js
- info Compiled successfully
- info Linting and checking validity of types...
- error ESLint: Plugin "react-hooks" was conflicted between ".eslintrc.json » plugin:react-hooks/recommended" and ".eslintrc.json » eslint-config-next/core-web-vitals » /Users/masiu_cd/projects/data_structures_algorithms/node_modules/.pnpm/eslint-config-next@13.4.19_eslint@8.47.0_typescript@5.1.6/node_modules/eslint-config-next/index.js » plugin:react-hooks/recommended".
- info Collecting page data...
- info Generating static pages (0/7)
- info Generating static pages (1/7)
- info Generating static pages (3/7)
- info Generating static pages (5/7)
- info Generating static pages (7/7)
- info Finalizing page optimization...

Route (app)                                Size     First Load JS
┌ ○ /                                      14.7 kB         109 kB
├ ● /[...slug]                             2.74 kB          84 kB
├ ○ /favicon.ico                           0 B                0 B
├ ○ /topics                                142 B          81.4 kB
├ ○ /topics/algorithms                     142 B          81.4 kB
└ ○ /topics/data-structures                143 B          81.4 kB
+ First Load JS shared by all              81.2 kB
  ├ chunks/746-1820672c3ddaf6bd.js         26.7 kB
  ├ chunks/9a74a9a8-5ae1fc4d5077eb02.js    52.7 kB
  ├ chunks/main-app-a09103952faa4acf.js    218 B
  └ chunks/webpack-0b213915a30dd73d.js     1.68 kB

Route (pages)                              Size     First Load JS
─ ○ /404                                   182 B          76.5 kB
+ First Load JS shared by all              76.3 kB
  ├ chunks/framework-eb124dc7acb3bb04.js   45.1 kB
  ├ chunks/main-d9c79b5b47763e51.js        29.4 kB
  ├ chunks/pages/_app-f30f96cbcc805d1c.js  195 B
  └ chunks/webpack-0b213915a30dd73d.js     1.68 kB

○  (Static)  automatically rendered as static HTML (uses no initial props)
●  (SSG)     automatically generated as static HTML + JSON (uses getStaticProps)

